[0.010s] Invoking command in '/home/zalv/hokuyo3_ws/build/laser_to_pc': CMAKE_PREFIX_PATH=${CMAKE_PREFIX_PATH}:/opt/ros/humble /usr/bin/cmake --build /home/zalv/hokuyo3_ws/build/laser_to_pc -- -j22 -l22
[0.061s] [35m[1mConsolidate compiler generated dependencies of target wr_lidar_eth[0m
[0.061s] [35m[1mConsolidate compiler generated dependencies of target laser_to_pointcloud[0m
[0.078s] [ 33%] Built target fixed_map_rviz
[0.083s] [ 66%] Built target wr_lidar_eth
[0.084s] [ 83%] [32mBuilding CXX object CMakeFiles/laser_to_pointcloud.dir/src/laser_to_pointcloud.cpp.o[0m
[3.309s] [01m[K/home/zalv/hokuyo3_ws/src/laser_to_pc/src/laser_to_pointcloud.cpp:[m[K In member function â€˜[01m[Kvoid LaserScanToPointCloud::laserCallback(sensor_msgs::msg::LaserScan_<std::allocator<void> >::SharedPtr)[m[Kâ€™:
[3.310s] [01m[K/home/zalv/hokuyo3_ws/src/laser_to_pc/src/laser_to_pointcloud.cpp:65:44:[m[K [01;31m[Kerror: [m[Kexpected initializer before â€˜[01m[Kcloud_in[m[Kâ€™
[3.310s]    65 |         pcl::PointCloud<pcl::PointXYZ> Ptr [01;31m[Kcloud_in[m[K(new pcl::PointCloud<pcl::PointXYZ>(pcl_cloud));
[3.310s]       |                                            [01;31m[K^~~~~~~~[m[K
[3.310s] [01m[K/home/zalv/hokuyo3_ws/src/laser_to_pc/src/laser_to_pointcloud.cpp:66:44:[m[K [01;31m[Kerror: [m[Kexpected initializer before â€˜[01m[Kcloud_out_icp[m[Kâ€™
[3.310s]    66 |         pcl::PointCloud<pcl::PointXYZ> Ptr [01;31m[Kcloud_out_icp[m[K(new pcl::PointCloud<pcl::PointXYZ>);
[3.310s]       |                                            [01;31m[K^~~~~~~~~~~~~[m[K
[3.368s] [01m[K/home/zalv/hokuyo3_ws/src/laser_to_pc/src/laser_to_pointcloud.cpp:69:28:[m[K [01;31m[Kerror: [m[Kâ€˜[01m[Kcloud_in[m[Kâ€™ was not declared in this scope; did you mean â€˜[01m[Kcloud_out[m[Kâ€™?
[3.368s]    69 |         icp.setInputSource([01;31m[Kcloud_in[m[K);
[3.368s]       |                            [01;31m[K^~~~~~~~[m[K
[3.368s]       |                            [32m[Kcloud_out[m[K
[7.070s] gmake[2]: *** [CMakeFiles/laser_to_pointcloud.dir/build.make:76: CMakeFiles/laser_to_pointcloud.dir/src/laser_to_pointcloud.cpp.o] Error 1
[7.070s] gmake[1]: *** [CMakeFiles/Makefile2:141: CMakeFiles/laser_to_pointcloud.dir/all] Error 2
[7.071s] gmake: *** [Makefile:146: all] Error 2
[7.074s] Invoked command in '/home/zalv/hokuyo3_ws/build/laser_to_pc' returned '2': CMAKE_PREFIX_PATH=${CMAKE_PREFIX_PATH}:/opt/ros/humble /usr/bin/cmake --build /home/zalv/hokuyo3_ws/build/laser_to_pc -- -j22 -l22
