[0.021s] Invoking command in '/home/zalv/hokuyo3_ws/build/laser_to_pc': CMAKE_PREFIX_PATH=${CMAKE_PREFIX_PATH}:/opt/ros/humble /usr/bin/cmake --build /home/zalv/hokuyo3_ws/build/laser_to_pc -- -j22 -l22
[0.060s] [35m[1mConsolidate compiler generated dependencies of target laser_to_pointcloud[0m
[0.083s] [ 50%] [32mBuilding CXX object CMakeFiles/laser_to_pointcloud.dir/src/laser_to_pointcloud.cpp.o[0m
[2.003s] [01m[K/home/zalv/hokuyo3_ws/src/laser_to_pc/src/laser_to_pointcloud.cpp:[m[K In member function â€˜[01m[Kvoid LaserScanToPointCloud::laserCallback(sensor_msgs::msg::LaserScan_<std::allocator<void> >::SharedPtr)[m[Kâ€™:
[2.003s] [01m[K/home/zalv/hokuyo3_ws/src/laser_to_pc/src/laser_to_pointcloud.cpp:24:9:[m[K [01;31m[Kerror: [m[Kâ€˜[01m[Kpcl[m[Kâ€™ has not been declared
[2.003s]    24 |         [01;31m[Kpcl[m[K::PointCloud<pcl::PointXYZ> pcl_cloud;
[2.003s]       |         [01;31m[K^~~[m[K
[2.003s] [01m[K/home/zalv/hokuyo3_ws/src/laser_to_pc/src/laser_to_pointcloud.cpp:24:25:[m[K [01;31m[Kerror: [m[Kâ€˜[01m[Kpcl[m[Kâ€™ has not been declared
[2.003s]    24 |         pcl::PointCloud<[01;31m[Kpcl[m[K::PointXYZ> pcl_cloud;
[2.003s]       |                         [01;31m[K^~~[m[K
[2.008s] [01m[K/home/zalv/hokuyo3_ws/src/laser_to_pc/src/laser_to_pointcloud.cpp:24:40:[m[K [01;31m[Kerror: [m[Kâ€˜[01m[Kpcl_cloud[m[Kâ€™ was not declared in this scope
[2.008s]    24 |         pcl::PointCloud<pcl::PointXYZ> [01;31m[Kpcl_cloud[m[K;
[2.008s]       |                                        [01;31m[K^~~~~~~~~[m[K
[2.008s] [01m[K/home/zalv/hokuyo3_ws/src/laser_to_pc/src/laser_to_pointcloud.cpp:25:9:[m[K [01;31m[Kerror: [m[Kâ€˜[01m[Kpcl[m[Kâ€™ has not been declared
[2.008s]    25 |         [01;31m[Kpcl[m[K::fromROSMsg(cloud_out, pcl_cloud);
[2.008s]       |         [01;31m[K^~~[m[K
[3.584s] gmake[2]: *** [CMakeFiles/laser_to_pointcloud.dir/build.make:76: CMakeFiles/laser_to_pointcloud.dir/src/laser_to_pointcloud.cpp.o] Error 1
[3.584s] gmake[1]: *** [CMakeFiles/Makefile2:137: CMakeFiles/laser_to_pointcloud.dir/all] Error 2
[3.585s] gmake: *** [Makefile:146: all] Error 2
[3.588s] Invoked command in '/home/zalv/hokuyo3_ws/build/laser_to_pc' returned '2': CMAKE_PREFIX_PATH=${CMAKE_PREFIX_PATH}:/opt/ros/humble /usr/bin/cmake --build /home/zalv/hokuyo3_ws/build/laser_to_pc -- -j22 -l22
