[0.017s] Invoking command in '/home/zalv/hokuyo3_ws/build/laser_to_pc': CMAKE_PREFIX_PATH=${CMAKE_PREFIX_PATH}:/opt/ros/humble /usr/bin/cmake --build /home/zalv/hokuyo3_ws/build/laser_to_pc -- -j22 -l22
[0.063s] [35m[1mConsolidate compiler generated dependencies of target fixed_map_rviz[0m
[0.083s] [ 25%] [32mBuilding CXX object CMakeFiles/fixed_map_rviz.dir/src/fixed_map_rviz.cpp.o[0m
[0.087s] [ 75%] Built target laser_to_pointcloud
[1.753s] [01m[K/home/zalv/hokuyo3_ws/src/laser_to_pc/src/fixed_map_rviz.cpp:[m[K In constructor â€˜[01m[KLaserScanBroadcaster::LaserScanBroadcaster()[m[Kâ€™:
[1.753s] [01m[K/home/zalv/hokuyo3_ws/src/laser_to_pc/src/fixed_map_rviz.cpp:14:59:[m[K [01;31m[Kerror: [m[Kâ€˜[01m[Kmiliseconds[m[Kâ€™ is not a member of â€˜[01m[Kstd::chrono[m[Kâ€™; did you mean â€˜[01m[Kmilliseconds[m[Kâ€™?
[1.753s]    14 |             timer_ = this->create_wall_timer(std::chrono::[01;31m[Kmiliseconds[m[K(100), std::bind(&LaserScanBroadcaster::publishScan, this));
[1.753s]       |                                                           [01;31m[K^~~~~~~~~~~[m[K
[1.753s]       |                                                           [32m[Kmilliseconds[m[K
[2.226s] gmake[2]: *** [CMakeFiles/fixed_map_rviz.dir/build.make:76: CMakeFiles/fixed_map_rviz.dir/src/fixed_map_rviz.cpp.o] Error 1
[2.226s] gmake[1]: *** [CMakeFiles/Makefile2:165: CMakeFiles/fixed_map_rviz.dir/all] Error 2
[2.227s] gmake: *** [Makefile:146: all] Error 2
[2.229s] Invoked command in '/home/zalv/hokuyo3_ws/build/laser_to_pc' returned '2': CMAKE_PREFIX_PATH=${CMAKE_PREFIX_PATH}:/opt/ros/humble /usr/bin/cmake --build /home/zalv/hokuyo3_ws/build/laser_to_pc -- -j22 -l22
