[0.028s] Invoking command in '/home/zalv/hokuyo3_ws/build/laser_to_pc': CMAKE_PREFIX_PATH=${CMAKE_PREFIX_PATH}:/opt/ros/humble /usr/bin/cmake --build /home/zalv/hokuyo3_ws/build/laser_to_pc -- -j22 -l22
[0.060s] [35m[1mConsolidate compiler generated dependencies of target fixed_map_rviz[0m
[0.075s] [ 25%] [32mBuilding CXX object CMakeFiles/fixed_map_rviz.dir/src/fixed_map_rviz.cpp.o[0m
[0.076s] [ 75%] Built target laser_to_pointcloud
[1.627s] [01m[K/home/zalv/hokuyo3_ws/src/laser_to_pc/src/fixed_map_rviz.cpp:[m[K In function â€˜[01m[Kint main()[m[Kâ€™:
[1.627s] [01m[K/home/zalv/hokuyo3_ws/src/laser_to_pc/src/fixed_map_rviz.cpp:91:18:[m[K [01;31m[Kerror: [m[Kâ€˜[01m[Kargc[m[Kâ€™ was not declared in this scope
[1.627s]    91 |     rclcpp::init([01;31m[Kargc[m[K, argv);
[1.627s]       |                  [01;31m[K^~~~[m[K
[1.629s] [01m[K/home/zalv/hokuyo3_ws/src/laser_to_pc/src/fixed_map_rviz.cpp:91:24:[m[K [01;31m[Kerror: [m[Kâ€˜[01m[Kargv[m[Kâ€™ was not declared in this scope
[1.629s]    91 |     rclcpp::init(argc, [01;31m[Kargv[m[K);
[1.629s]       |                        [01;31m[K^~~~[m[K
[2.112s] gmake[2]: *** [CMakeFiles/fixed_map_rviz.dir/build.make:76: CMakeFiles/fixed_map_rviz.dir/src/fixed_map_rviz.cpp.o] Error 1
[2.112s] gmake[1]: *** [CMakeFiles/Makefile2:165: CMakeFiles/fixed_map_rviz.dir/all] Error 2
[2.113s] gmake: *** [Makefile:146: all] Error 2
[2.116s] Invoked command in '/home/zalv/hokuyo3_ws/build/laser_to_pc' returned '2': CMAKE_PREFIX_PATH=${CMAKE_PREFIX_PATH}:/opt/ros/humble /usr/bin/cmake --build /home/zalv/hokuyo3_ws/build/laser_to_pc -- -j22 -l22
