In file included from [01m[K/opt/ros/humble/include/rclcpp/rclcpp/logging.hpp:24[m[K,
                 from [01m[K/opt/ros/humble/include/rclcpp/rclcpp/client.hpp:40[m[K,
                 from [01m[K/opt/ros/humble/include/rclcpp/rclcpp/callback_group.hpp:24[m[K,
                 from [01m[K/opt/ros/humble/include/rclcpp/rclcpp/any_executable.hpp:20[m[K,
                 from [01m[K/opt/ros/humble/include/rclcpp/rclcpp/memory_strategy.hpp:25[m[K,
                 from [01m[K/opt/ros/humble/include/rclcpp/rclcpp/memory_strategies.hpp:18[m[K,
                 from [01m[K/opt/ros/humble/include/rclcpp/rclcpp/executor_options.hpp:20[m[K,
                 from [01m[K/opt/ros/humble/include/rclcpp/rclcpp/executor.hpp:37[m[K,
                 from [01m[K/opt/ros/humble/include/rclcpp/rclcpp/executors/multi_threaded_executor.hpp:25[m[K,
                 from [01m[K/opt/ros/humble/include/rclcpp/rclcpp/executors.hpp:21[m[K,
                 from [01m[K/opt/ros/humble/include/rclcpp/rclcpp/rclcpp.hpp:155[m[K,
                 from [01m[K/home/zalv/hokuyo3_ws/src/icp_node/src/icp_node.cpp:1[m[K:
[01m[K/home/zalv/hokuyo3_ws/src/icp_node/src/icp_node.cpp:[m[K In member function â€˜[01m[Kvoid ICPNode::pointcloud_callback(sensor_msgs::msg::PointCloud2_<std::allocator<void> >::SharedPtr)[m[Kâ€™:
[01m[K/home/zalv/hokuyo3_ws/src/icp_node/src/icp_node.cpp:31:202:[m[K [01;31m[Kerror: [m[Kâ€˜[01m[Kconst class Eigen::WithFormat<Eigen::Matrix<float, 4, 4> >[m[Kâ€™ has no member named â€˜[01m[Kc_str[m[Kâ€™
   31 | rmat(Eigen::IOFormat(Eigen::StreamPrecision, Eigen::DontAlignCols, " ", "\n", "", "", "[", "]")).[01;31m[Kc_str[m[K());
      |                                                                                                  [01;31m[K^~~~~[m[K

gmake[2]: *** [CMakeFiles/icp_node.dir/build.make:76: CMakeFiles/icp_node.dir/src/icp_node.cpp.o] Error 1
gmake[1]: *** [CMakeFiles/Makefile2:137: CMakeFiles/icp_node.dir/all] Error 2
gmake: *** [Makefile:146: all] Error 2
